Base path: /Applications/Unity.app/Contents
Cmd: initializeCompiler
Cmd: translateComputeKernel
  api=14 insize=833 outsize=777 ok=1
Cmd: compileComputeKernel
  api=14 insize=5188 outsize=5485 ok=1
Cmd: translateComputeKernel
  api=14 insize=5741 outsize=8325 ok=1
Cmd: compileComputeKernel
  api=14 insize=9421 outsize=9657 ok=1
Cmd: translateComputeKernel
  api=14 insize=9573 outsize=16353 ok=1
Cmd: translateComputeKernel
  api=14 insize=773 outsize=765 ok=1
Cmd: compileComputeKernel
  api=14 insize=1697 outsize=1445 ok=1
Cmd: translateComputeKernel
  api=14 insize=1445 outsize=2217 ok=1
Cmd: compileComputeKernel
  api=14 insize=15322 outsize=6065 ok=1
Cmd: compileComputeKernel
  api=14 insize=15322 outsize=7457 ok=1
Cmd: compileComputeKernel
  api=14 insize=15322 outsize=7049 ok=1
Cmd: compileComputeKernel
  api=14 insize=15322 outsize=8133 ok=1
Cmd: compileComputeKernel
  api=14 insize=15322 outsize=9209 ok=1
Cmd: compileComputeKernel
  api=14 insize=15322 outsize=7445 ok=1
Cmd: compileComputeKernel
  api=14 insize=15322 outsize=8429 ok=1
Cmd: compileComputeKernel
  api=14 insize=15322 outsize=10397 ok=1
Cmd: compileComputeKernel
  api=14 insize=15322 outsize=7901 ok=1
Cmd: compileComputeKernel
  api=14 insize=15322 outsize=8985 ok=1
Cmd: compileComputeKernel
  api=14 insize=15322 outsize=8813 ok=1
Cmd: compileComputeKernel
  api=14 insize=15322 outsize=8713 ok=1
Cmd: compileComputeKernel
  api=14 insize=15322 outsize=10225 ok=1
Cmd: compileComputeKernel
  api=14 insize=15322 outsize=11885 ok=1
Cmd: compileComputeKernel
  api=14 insize=15322 outsize=11413 ok=1
Cmd: translateComputeKernel
  api=14 insize=6141 outsize=10993 ok=1
Cmd: translateComputeKernel
  api=14 insize=7221 outsize=13189 ok=1
Cmd: translateComputeKernel
  api=14 insize=7609 outsize=13941 ok=1
Cmd: translateComputeKernel
  api=14 insize=7401 outsize=13173 ok=1
Cmd: translateComputeKernel
  api=14 insize=8173 outsize=14653 ok=1
Cmd: translateComputeKernel
  api=14 insize=8789 outsize=15893 ok=1
Cmd: translateComputeKernel
  api=14 insize=10229 outsize=18901 ok=1
Cmd: translateComputeKernel
  api=14 insize=8505 outsize=15841 ok=1
Cmd: translateComputeKernel
  api=14 insize=10473 outsize=19857 ok=1
Cmd: translateComputeKernel
  api=14 insize=7281 outsize=13521 ok=1
Cmd: translateComputeKernel
  api=14 insize=8289 outsize=15597 ok=1
Cmd: translateComputeKernel
  api=14 insize=7461 outsize=13513 ok=1
Cmd: translateComputeKernel
  api=14 insize=8853 outsize=16389 ok=1
Cmd: translateComputeKernel
  api=14 insize=9625 outsize=17765 ok=1
Cmd: translateComputeKernel
  api=14 insize=10261 outsize=19273 ok=1
Cmd: translateComputeKernel
  api=14 insize=8993 outsize=17173 ok=1
Cmd: translateComputeKernel
  api=14 insize=10505 outsize=20309 ok=1
Cmd: translateComputeKernel
  api=14 insize=12165 outsize=23373 ok=1
Cmd: initializeCompiler
Cmd: compileComputeKernel
  api=14 insize=2863 outsize=48529 ok=1
Cmd: initializeCompiler
Cmd: initializeCompiler

Quitting shader compiler process
