Base path: /Applications/Unity.app/Contents
Cmd: initializeCompiler
Cmd: compileComputeKernel
  api=14 insize=7524 outsize=10669 ok=1
Cmd: compileComputeKernel
  api=14 insize=5188 outsize=5117 ok=1
Cmd: translateComputeKernel
  api=14 insize=5373 outsize=7541 ok=1
Cmd: translateComputeKernel
  api=14 insize=3173 outsize=5169 ok=1
Cmd: compileComputeKernel
  api=14 insize=9421 outsize=9573 ok=1
Cmd: compileComputeKernel
  api=14 insize=9421 outsize=9881 ok=1
Cmd: translateComputeKernel
  api=14 insize=9341 outsize=16101 ok=1
Cmd: compileComputeKernel
  api=14 insize=2953 outsize=1997 ok=1
Cmd: translateComputeKernel
  api=14 insize=1997 outsize=3137 ok=1
Cmd: translateComputeKernel
  api=14 insize=1997 outsize=3609 ok=1
Cmd: compileComputeKernel
  api=14 insize=1505 outsize=1177 ok=1
Cmd: compileComputeKernel
  api=14 insize=15322 outsize=5369 ok=1
Cmd: compileComputeKernel
  api=14 insize=15322 outsize=6761 ok=1
Cmd: compileComputeKernel
  api=14 insize=15322 outsize=5969 ok=1
Cmd: compileComputeKernel
  api=14 insize=15322 outsize=6665 ok=1
Cmd: compileComputeKernel
  api=14 insize=15322 outsize=8057 ok=1
Cmd: compileComputeKernel
  api=14 insize=15322 outsize=8225 ok=1
Cmd: compileComputeKernel
  api=14 insize=15322 outsize=10193 ok=1
Cmd: compileComputeKernel
  api=14 insize=15322 outsize=8957 ok=1
Cmd: compileComputeKernel
  api=14 insize=15322 outsize=10617 ok=1
Cmd: compileComputeKernel
  api=14 insize=15322 outsize=8909 ok=1
Cmd: compileComputeKernel
  api=14 insize=15322 outsize=8501 ok=1
Cmd: compileComputeKernel
  api=14 insize=15322 outsize=9585 ok=1
Cmd: compileComputeKernel
  api=14 insize=15322 outsize=10681 ok=1
Cmd: compileComputeKernel
  api=14 insize=15322 outsize=8917 ok=1
Cmd: compileComputeKernel
  api=14 insize=15322 outsize=9901 ok=1
Cmd: compileComputeKernel
  api=14 insize=15322 outsize=11869 ok=1
Cmd: translateComputeKernel
  api=14 insize=6525 outsize=11789 ok=1
Cmd: translateComputeKernel
  api=14 insize=6705 outsize=11737 ok=1
Cmd: translateComputeKernel
  api=14 insize=8097 outsize=14577 ok=1
Cmd: translateComputeKernel
  api=14 insize=9245 outsize=16905 ok=1
Cmd: translateComputeKernel
  api=14 insize=7521 outsize=13793 ok=1
Cmd: translateComputeKernel
  api=14 insize=9489 outsize=17857 ok=1
Cmd: translateComputeKernel
  api=14 insize=6897 outsize=12725 ok=1
Cmd: translateComputeKernel
  api=14 insize=7977 outsize=14961 ok=1
Cmd: translateComputeKernel
  api=14 insize=9061 outsize=16985 ok=1
Cmd: translateComputeKernel
  api=14 insize=8541 outsize=15749 ok=1
Cmd: translateComputeKernel
  api=14 insize=8749 outsize=16133 ok=1
Cmd: translateComputeKernel
  api=14 insize=10717 outsize=20209 ok=1
Cmd: translateComputeKernel
  api=14 insize=11921 outsize=22389 ok=1
Cmd: translateComputeKernel
  api=14 insize=10961 outsize=21229 ok=1
Cmd: initializeCompiler
Cmd: translateComputeKernel
  api=14 insize=48901 outsize=86077 ok=1
Cmd: initializeCompiler
Cmd: initializeCompiler

Quitting shader compiler process
