Base path: /Applications/Unity.app/Contents
Cmd: initializeCompiler
Cmd: compileComputeKernel
  api=14 insize=5188 outsize=10513 ok=1
Cmd: translateComputeKernel
  api=14 insize=5373 outsize=7541 ok=1
Cmd: compileComputeKernel
  api=14 insize=9421 outsize=9341 ok=1
Cmd: translateComputeKernel
  api=14 insize=9657 outsize=16521 ok=1
Cmd: translateComputeKernel
  api=14 insize=9881 outsize=16765 ok=1
Cmd: compileComputeKernel
  api=14 insize=2953 outsize=1997 ok=1
Cmd: translateComputeKernel
  api=14 insize=1997 outsize=3137 ok=1
Cmd: translateComputeKernel
  api=14 insize=1997 outsize=3609 ok=1
Cmd: compileComputeKernel
  api=14 insize=15322 outsize=6449 ok=1
Cmd: compileComputeKernel
  api=14 insize=15322 outsize=7533 ok=1
Cmd: compileComputeKernel
  api=14 insize=15322 outsize=7361 ok=1
Cmd: compileComputeKernel
  api=14 insize=15322 outsize=7241 ok=1
Cmd: compileComputeKernel
  api=14 insize=15322 outsize=8753 ok=1
Cmd: compileComputeKernel
  api=14 insize=15322 outsize=10413 ok=1
Cmd: compileComputeKernel
  api=14 insize=15322 outsize=9941 ok=1
Cmd: compileComputeKernel
  api=14 insize=15322 outsize=7517 ok=1
Cmd: compileComputeKernel
  api=14 insize=15322 outsize=8597 ok=1
Cmd: compileComputeKernel
  api=14 insize=15322 outsize=7805 ok=1
Cmd: compileComputeKernel
  api=14 insize=15322 outsize=8813 ok=1
Cmd: compileComputeKernel
  api=14 insize=15322 outsize=8713 ok=1
Cmd: compileComputeKernel
  api=14 insize=15322 outsize=10225 ok=1
Cmd: compileComputeKernel
  api=14 insize=15322 outsize=11885 ok=1
Cmd: compileComputeKernel
  api=14 insize=15322 outsize=11413 ok=1
Cmd: translateComputeKernel
  api=14 insize=6141 outsize=10993 ok=1
Cmd: translateComputeKernel
  api=14 insize=7533 outsize=13833 ok=1
Cmd: translateComputeKernel
  api=14 insize=6705 outsize=11737 ok=1
Cmd: translateComputeKernel
  api=14 insize=8097 outsize=14577 ok=1
Cmd: translateComputeKernel
  api=14 insize=8261 outsize=14889 ok=1
Cmd: translateComputeKernel
  api=14 insize=10229 outsize=18901 ok=1
Cmd: translateComputeKernel
  api=14 insize=8505 outsize=15841 ok=1
Cmd: translateComputeKernel
  api=14 insize=10473 outsize=19857 ok=1
Cmd: translateComputeKernel
  api=14 insize=7593 outsize=14161 ok=1
Cmd: translateComputeKernel
  api=14 insize=8985 outsize=17001 ok=1
Cmd: translateComputeKernel
  api=14 insize=8157 outsize=14949 ok=1
Cmd: translateComputeKernel
  api=14 insize=9549 outsize=17789 ok=1
Cmd: translateComputeKernel
  api=14 insize=9733 outsize=18193 ok=1
Cmd: translateComputeKernel
  api=14 insize=11701 outsize=22205 ok=1
Cmd: translateComputeKernel
  api=14 insize=9977 outsize=19209 ok=1
Cmd: translateComputeKernel
  api=14 insize=11945 outsize=23225 ok=1

Quitting shader compiler process
