Base path: /Applications/Unity.app/Contents
Cmd: initializeCompiler
Cmd: translateComputeKernel
  api=14 insize=1341 outsize=1501 ok=1
Cmd: compileComputeKernel
  api=14 insize=5188 outsize=5117 ok=1
Cmd: translateComputeKernel
  api=14 insize=5373 outsize=7541 ok=1
Cmd: compileComputeKernel
  api=14 insize=9421 outsize=9477 ok=1
Cmd: translateComputeKernel
  api=14 insize=9657 outsize=16521 ok=1
Cmd: translateComputeKernel
  api=14 insize=845 outsize=777 ok=1
Cmd: translateComputeKernel
  api=14 insize=1997 outsize=3609 ok=1
Cmd: compileComputeKernel
  api=14 insize=15322 outsize=6449 ok=1
Cmd: compileComputeKernel
  api=14 insize=15322 outsize=7533 ok=1
Cmd: compileComputeKernel
  api=14 insize=15322 outsize=7361 ok=1
Cmd: compileComputeKernel
  api=14 insize=15322 outsize=7241 ok=1
Cmd: compileComputeKernel
  api=14 insize=15322 outsize=8753 ok=1
Cmd: compileComputeKernel
  api=14 insize=15322 outsize=10413 ok=1
Cmd: compileComputeKernel
  api=14 insize=15322 outsize=9941 ok=1
Cmd: compileComputeKernel
  api=14 insize=15322 outsize=7205 ok=1
Cmd: compileComputeKernel
  api=14 insize=15322 outsize=8213 ok=1
Cmd: compileComputeKernel
  api=14 insize=15322 outsize=7421 ok=1
Cmd: compileComputeKernel
  api=14 insize=15322 outsize=8117 ok=1
Cmd: compileComputeKernel
  api=14 insize=15322 outsize=9509 ok=1
Cmd: compileComputeKernel
  api=14 insize=15322 outsize=9697 ok=1
Cmd: compileComputeKernel
  api=14 insize=15322 outsize=11665 ok=1
Cmd: compileComputeKernel
  api=14 insize=15322 outsize=10429 ok=1
Cmd: compileComputeKernel
  api=14 insize=15322 outsize=12089 ok=1
Cmd: translateComputeKernel
  api=14 insize=5829 outsize=10353 ok=1
Cmd: translateComputeKernel
  api=14 insize=7221 outsize=13189 ok=1
Cmd: translateComputeKernel
  api=14 insize=6393 outsize=11097 ok=1
Cmd: translateComputeKernel
  api=14 insize=7785 outsize=13933 ok=1
Cmd: translateComputeKernel
  api=14 insize=7805 outsize=13873 ok=1
Cmd: translateComputeKernel
  api=14 insize=9773 outsize=17889 ok=1
Cmd: translateComputeKernel
  api=14 insize=8049 outsize=14905 ok=1
Cmd: translateComputeKernel
  api=14 insize=10017 outsize=18921 ok=1
Cmd: translateComputeKernel
  api=14 insize=7281 outsize=13521 ok=1
Cmd: translateComputeKernel
  api=14 insize=8673 outsize=16365 ok=1
Cmd: translateComputeKernel
  api=14 insize=7845 outsize=14313 ok=1
Cmd: translateComputeKernel
  api=14 insize=9237 outsize=17153 ok=1
Cmd: translateComputeKernel
  api=14 insize=9277 outsize=17257 ok=1
Cmd: translateComputeKernel
  api=14 insize=11245 outsize=21273 ok=1
Cmd: translateComputeKernel
  api=14 insize=9521 outsize=18289 ok=1
Cmd: translateComputeKernel
  api=14 insize=11489 outsize=22305 ok=1
Cmd: initializeCompiler
Cmd: initializeCompiler
Cmd: initializeCompiler
Cmd: initializeCompiler
Cmd: initializeCompiler
Cmd: initializeCompiler
Cmd: initializeCompiler
Cmd: initializeCompiler
Cmd: initializeCompiler
Cmd: initializeCompiler
Cmd: initializeCompiler
Cmd: initializeCompiler
Cmd: initializeCompiler

Quitting shader compiler process
