Base path: /Applications/Unity.app/Contents
Cmd: initializeCompiler
Cmd: compileComputeKernel
  api=14 insize=2134 outsize=781 ok=1
Cmd: translateComputeKernel
  api=14 insize=2125 outsize=3945 ok=1
Cmd: compileComputeKernel
  api=14 insize=2863 outsize=48901 ok=1
Cmd: translateComputeKernel
  api=14 insize=48529 outsize=85537 ok=1
Cmd: translateComputeKernel
  api=14 insize=10669 outsize=18673 ok=1
Cmd: compileComputeKernel
  api=14 insize=5188 outsize=6781 ok=1
Cmd: translateComputeKernel
  api=14 insize=5741 outsize=8325 ok=1
Cmd: compileComputeKernel
  api=14 insize=9421 outsize=9657 ok=1
Cmd: compileComputeKernel
  api=14 insize=9421 outsize=9881 ok=1
Cmd: translateComputeKernel
  api=14 insize=9341 outsize=16101 ok=1
Cmd: compileComputeKernel
  api=14 insize=2953 outsize=785 ok=1
Cmd: translateComputeKernel
  api=14 insize=1177 outsize=1289 ok=1
Cmd: compileComputeKernel
  api=14 insize=15322 outsize=5369 ok=1
Cmd: compileComputeKernel
  api=14 insize=15322 outsize=6761 ok=1
Cmd: compileComputeKernel
  api=14 insize=15322 outsize=5969 ok=1
Cmd: compileComputeKernel
  api=14 insize=15322 outsize=7049 ok=1
Cmd: compileComputeKernel
  api=14 insize=15322 outsize=8133 ok=1
Cmd: compileComputeKernel
  api=14 insize=15322 outsize=9209 ok=1
Cmd: compileComputeKernel
  api=14 insize=15322 outsize=7445 ok=1
Cmd: compileComputeKernel
  api=14 insize=15322 outsize=8429 ok=1
Cmd: compileComputeKernel
  api=14 insize=15322 outsize=10397 ok=1
Cmd: compileComputeKernel
  api=14 insize=15322 outsize=7901 ok=1
Cmd: compileComputeKernel
  api=14 insize=15322 outsize=8909 ok=1
Cmd: compileComputeKernel
  api=14 insize=15322 outsize=8501 ok=1
Cmd: compileComputeKernel
  api=14 insize=15322 outsize=9585 ok=1
Cmd: compileComputeKernel
  api=14 insize=15322 outsize=10681 ok=1
Cmd: compileComputeKernel
  api=14 insize=15322 outsize=8917 ok=1
Cmd: compileComputeKernel
  api=14 insize=15322 outsize=9901 ok=1
Cmd: compileComputeKernel
  api=14 insize=15322 outsize=11869 ok=1
Cmd: translateComputeKernel
  api=14 insize=6525 outsize=11789 ok=1
Cmd: translateComputeKernel
  api=14 insize=7609 outsize=13941 ok=1
Cmd: translateComputeKernel
  api=14 insize=6705 outsize=11737 ok=1
Cmd: translateComputeKernel
  api=14 insize=8097 outsize=14577 ok=1
Cmd: translateComputeKernel
  api=14 insize=8789 outsize=15893 ok=1
Cmd: translateComputeKernel
  api=14 insize=10229 outsize=18901 ok=1
Cmd: translateComputeKernel
  api=14 insize=8505 outsize=15841 ok=1
Cmd: translateComputeKernel
  api=14 insize=10473 outsize=19857 ok=1
Cmd: translateComputeKernel
  api=14 insize=7593 outsize=14161 ok=1
Cmd: translateComputeKernel
  api=14 insize=8985 outsize=17001 ok=1
Cmd: translateComputeKernel
  api=14 insize=8157 outsize=14949 ok=1
Cmd: translateComputeKernel
  api=14 insize=9549 outsize=17789 ok=1
Cmd: translateComputeKernel
  api=14 insize=9733 outsize=18193 ok=1
Cmd: translateComputeKernel
  api=14 insize=11701 outsize=22205 ok=1
Cmd: translateComputeKernel
  api=14 insize=10961 outsize=21229 ok=1
Cmd: initializeCompiler
Cmd: initializeCompiler
Cmd: initializeCompiler
Cmd: initializeCompiler
Cmd: initializeCompiler
Cmd: initializeCompiler
Cmd: initializeCompiler
Cmd: initializeCompiler
Cmd: initializeCompiler
Cmd: initializeCompiler
Cmd: initializeCompiler
Cmd: initializeCompiler
Cmd: initializeCompiler

Quitting shader compiler process
